<?xml version="1.0" encoding="UTF-8"?>
<testng-results ignored="0" total="1" passed="1" failed="0" skipped="0">
  <reporter-output>
  </reporter-output>
  <suite started-at="2025-06-21T22:46:54 IST" name="All Test Suite" finished-at="2025-06-21T22:46:58 IST" duration-ms="3318">
    <groups>
    </groups>
    <test started-at="2025-06-21T22:46:54 IST" name="/Users/ravindraagnihotri/Documents/selenium.test" finished-at="2025-06-21T22:46:58 IST" duration-ms="3318">
      <class name="org.example.Main">
        <test-method signature="test()[pri:0, instance:org.example.Main@176d53b2]" started-at="2025-06-21T22:46:54 IST" name="test" finished-at="2025-06-21T22:46:58 IST" duration-ms="3305" status="PASS">
          <reporter-output>
          </reporter-output>
        </test-method> <!-- test -->
      </class> <!-- org.example.Main -->
    </test> <!-- /Users/ravindraagnihotri/Documents/selenium.test -->
  </suite> <!-- All Test Suite -->
</testng-results>
